{"/Users/amilkarhernandez/UNAC/2023-2/server_backend/src/controllers/UsuariosController.js": {"path":"/Users/amilkarhernandez/UNAC/2023-2/server_backend/src/controllers/UsuariosController.js","statementMap":{"0":{"start":{"line":1,"column":18},"end":{"line":1,"column":53}},"1":{"start":{"line":2,"column":88},"end":{"line":2,"column":127}},"2":{"start":{"line":3,"column":15},"end":{"line":3,"column":39}},"3":{"start":{"line":6,"column":19},"end":{"line":6,"column":27}},"4":{"start":{"line":8,"column":17},"end":{"line":8,"column":32}},"5":{"start":{"line":10,"column":4},"end":{"line":13,"column":5}},"6":{"start":{"line":11,"column":8},"end":{"line":11,"column":66}},"7":{"start":{"line":12,"column":8},"end":{"line":12,"column":15}},"8":{"start":{"line":16,"column":4},"end":{"line":29,"column":7}},"9":{"start":{"line":17,"column":8},"end":{"line":28,"column":9}},"10":{"start":{"line":18,"column":12},"end":{"line":18,"column":43}},"11":{"start":{"line":19,"column":12},"end":{"line":19,"column":47}},"12":{"start":{"line":20,"column":12},"end":{"line":20,"column":44}},"13":{"start":{"line":21,"column":12},"end":{"line":21,"column":38}},"14":{"start":{"line":22,"column":12},"end":{"line":22,"column":36}},"15":{"start":{"line":23,"column":12},"end":{"line":23,"column":42}},"16":{"start":{"line":24,"column":12},"end":{"line":24,"column":33}},"17":{"start":{"line":26,"column":29},"end":{"line":26,"column":51}},"18":{"start":{"line":27,"column":12},"end":{"line":27,"column":55}},"19":{"start":{"line":33,"column":17},"end":{"line":33,"column":35}},"20":{"start":{"line":35,"column":18},"end":{"line":35,"column":35}},"21":{"start":{"line":37,"column":21},"end":{"line":37,"column":45}},"22":{"start":{"line":38,"column":4},"end":{"line":38,"column":47}},"23":{"start":{"line":42,"column":15},"end":{"line":42,"column":31}},"24":{"start":{"line":43,"column":21},"end":{"line":43,"column":42}},"25":{"start":{"line":44,"column":4},"end":{"line":44,"column":47}},"26":{"start":{"line":48,"column":21},"end":{"line":48,"column":43}},"27":{"start":{"line":49,"column":21},"end":{"line":49,"column":52}},"28":{"start":{"line":50,"column":4},"end":{"line":50,"column":47}},"29":{"start":{"line":54,"column":15},"end":{"line":54,"column":31}},"30":{"start":{"line":55,"column":21},"end":{"line":55,"column":41}},"31":{"start":{"line":56,"column":4},"end":{"line":56,"column":47}},"32":{"start":{"line":60,"column":15},"end":{"line":60,"column":31}},"33":{"start":{"line":61,"column":17},"end":{"line":61,"column":25}},"34":{"start":{"line":63,"column":15},"end":{"line":63,"column":30}},"35":{"start":{"line":64,"column":4},"end":{"line":64,"column":32}},"36":{"start":{"line":65,"column":4},"end":{"line":65,"column":36}},"37":{"start":{"line":67,"column":21},"end":{"line":67,"column":47}},"38":{"start":{"line":68,"column":4},"end":{"line":68,"column":47}},"39":{"start":{"line":72,"column":19},"end":{"line":72,"column":27}},"40":{"start":{"line":74,"column":17},"end":{"line":74,"column":54}},"41":{"start":{"line":75,"column":4},"end":{"line":86,"column":5}},"42":{"start":{"line":77,"column":8},"end":{"line":83,"column":11}},"43":{"start":{"line":78,"column":12},"end":{"line":82,"column":13}},"44":{"start":{"line":79,"column":16},"end":{"line":79,"column":83}},"45":{"start":{"line":81,"column":16},"end":{"line":81,"column":82}},"46":{"start":{"line":85,"column":8},"end":{"line":85,"column":72}},"47":{"start":{"line":89,"column":0},"end":{"line":97,"column":1}}},"fnMap":{"0":{"name":"create","decl":{"start":{"line":5,"column":15},"end":{"line":5,"column":21}},"loc":{"start":{"line":5,"column":31},"end":{"line":30,"column":1}},"line":5},"1":{"name":"(anonymous_1)","decl":{"start":{"line":16,"column":45},"end":{"line":16,"column":46}},"loc":{"start":{"line":16,"column":71},"end":{"line":29,"column":5}},"line":16},"2":{"name":"findAll","decl":{"start":{"line":32,"column":15},"end":{"line":32,"column":22}},"loc":{"start":{"line":32,"column":32},"end":{"line":39,"column":1}},"line":32},"3":{"name":"findById","decl":{"start":{"line":41,"column":15},"end":{"line":41,"column":23}},"loc":{"start":{"line":41,"column":33},"end":{"line":45,"column":1}},"line":41},"4":{"name":"findOneUsuario","decl":{"start":{"line":47,"column":15},"end":{"line":47,"column":29}},"loc":{"start":{"line":47,"column":39},"end":{"line":51,"column":1}},"line":47},"5":{"name":"deleteUserData","decl":{"start":{"line":53,"column":15},"end":{"line":53,"column":29}},"loc":{"start":{"line":53,"column":39},"end":{"line":57,"column":1}},"line":53},"6":{"name":"updateUserData","decl":{"start":{"line":59,"column":15},"end":{"line":59,"column":29}},"loc":{"start":{"line":59,"column":39},"end":{"line":69,"column":1}},"line":59},"7":{"name":"login","decl":{"start":{"line":71,"column":15},"end":{"line":71,"column":20}},"loc":{"start":{"line":71,"column":30},"end":{"line":87,"column":1}},"line":71},"8":{"name":"(anonymous_8)","decl":{"start":{"line":77,"column":62},"end":{"line":77,"column":63}},"loc":{"start":{"line":77,"column":84},"end":{"line":83,"column":9}},"line":77}},"branchMap":{"0":{"loc":{"start":{"line":10,"column":4},"end":{"line":13,"column":5}},"type":"if","locations":[{"start":{"line":10,"column":4},"end":{"line":13,"column":5}},{"start":{},"end":{}}],"line":10},"1":{"loc":{"start":{"line":10,"column":7},"end":{"line":10,"column":58}},"type":"binary-expr","locations":[{"start":{"line":10,"column":7},"end":{"line":10,"column":27}},{"start":{"line":10,"column":31},"end":{"line":10,"column":58}}],"line":10},"2":{"loc":{"start":{"line":17,"column":8},"end":{"line":28,"column":9}},"type":"if","locations":[{"start":{"line":17,"column":8},"end":{"line":28,"column":9}},{"start":{},"end":{}}],"line":17},"3":{"loc":{"start":{"line":75,"column":4},"end":{"line":86,"column":5}},"type":"if","locations":[{"start":{"line":75,"column":4},"end":{"line":86,"column":5}},{"start":{"line":84,"column":9},"end":{"line":86,"column":5}}],"line":75},"4":{"loc":{"start":{"line":78,"column":12},"end":{"line":82,"column":13}},"type":"if","locations":[{"start":{"line":78,"column":12},"end":{"line":82,"column":13}},{"start":{"line":80,"column":17},"end":{"line":82,"column":13}}],"line":78}},"s":{"0":1,"1":1,"2":1,"3":1,"4":1,"5":1,"6":1,"7":1,"8":0,"9":0,"10":0,"11":0,"12":0,"13":0,"14":0,"15":0,"16":0,"17":0,"18":0,"19":1,"20":1,"21":1,"22":1,"23":0,"24":0,"25":0,"26":0,"27":0,"28":0,"29":0,"30":0,"31":0,"32":0,"33":0,"34":0,"35":0,"36":0,"37":0,"38":0,"39":0,"40":0,"41":0,"42":0,"43":0,"44":0,"45":0,"46":0,"47":1},"f":{"0":1,"1":0,"2":1,"3":0,"4":0,"5":0,"6":0,"7":0,"8":0},"b":{"0":[1,0],"1":[1,1],"2":[0,0],"3":[0,0],"4":[0,0]},"_coverageSchema":"1a1c01bbd47fc00a2c39e90264f33305004495a9","hash":"f51d9755d941d11d8af395d98d9220342805f63e"}
,"/Users/amilkarhernandez/UNAC/2023-2/server_backend/src/models/UsuariosModels.js": {"path":"/Users/amilkarhernandez/UNAC/2023-2/server_backend/src/models/UsuariosModels.js","statementMap":{"0":{"start":{"line":1,"column":17},"end":{"line":1,"column":36}},"1":{"start":{"line":2,"column":15},"end":{"line":2,"column":30}},"2":{"start":{"line":4,"column":23},"end":{"line":12,"column":2}},"3":{"start":{"line":14,"column":0},"end":{"line":14,"column":71}}},"fnMap":{},"branchMap":{},"s":{"0":4,"1":4,"2":4,"3":4},"f":{},"b":{},"_coverageSchema":"1a1c01bbd47fc00a2c39e90264f33305004495a9","hash":"13369a547d6a6ef6649edc2436c161531bb4f3d4"}
,"/Users/amilkarhernandez/UNAC/2023-2/server_backend/src/repository/Suma.js": {"path":"/Users/amilkarhernandez/UNAC/2023-2/server_backend/src/repository/Suma.js","statementMap":{"0":{"start":{"line":2,"column":2},"end":{"line":2,"column":15}},"1":{"start":{"line":4,"column":0},"end":{"line":4,"column":21}}},"fnMap":{"0":{"name":"sum","decl":{"start":{"line":1,"column":9},"end":{"line":1,"column":12}},"loc":{"start":{"line":1,"column":19},"end":{"line":3,"column":1}},"line":1}},"branchMap":{},"s":{"0":2,"1":1},"f":{"0":2},"b":{},"_coverageSchema":"1a1c01bbd47fc00a2c39e90264f33305004495a9","hash":"05021f5ff1825dbea7ee6b994f971bb5fac1fdcb"}
,"/Users/amilkarhernandez/UNAC/2023-2/server_backend/src/repository/UserRepository.js": {"path":"/Users/amilkarhernandez/UNAC/2023-2/server_backend/src/repository/UserRepository.js","statementMap":{"0":{"start":{"line":1,"column":19},"end":{"line":1,"column":47}},"1":{"start":{"line":2,"column":18},"end":{"line":2,"column":53}},"2":{"start":{"line":4,"column":0},"end":{"line":22,"column":1}},"3":{"start":{"line":5,"column":4},"end":{"line":21,"column":7}},"4":{"start":{"line":6,"column":8},"end":{"line":20,"column":10}},"5":{"start":{"line":9,"column":12},"end":{"line":9,"column":34}},"6":{"start":{"line":10,"column":12},"end":{"line":10,"column":71}},"7":{"start":{"line":11,"column":12},"end":{"line":11,"column":35}},"8":{"start":{"line":12,"column":12},"end":{"line":12,"column":30}},"9":{"start":{"line":15,"column":12},"end":{"line":15,"column":38}},"10":{"start":{"line":16,"column":12},"end":{"line":16,"column":34}},"11":{"start":{"line":17,"column":12},"end":{"line":17,"column":65}},"12":{"start":{"line":18,"column":12},"end":{"line":18,"column":34}},"13":{"start":{"line":19,"column":12},"end":{"line":19,"column":29}},"14":{"start":{"line":24,"column":0},"end":{"line":43,"column":1}},"15":{"start":{"line":25,"column":4},"end":{"line":42,"column":7}},"16":{"start":{"line":26,"column":8},"end":{"line":41,"column":10}},"17":{"start":{"line":30,"column":12},"end":{"line":30,"column":34}},"18":{"start":{"line":31,"column":12},"end":{"line":31,"column":55}},"19":{"start":{"line":32,"column":12},"end":{"line":32,"column":35}},"20":{"start":{"line":33,"column":12},"end":{"line":33,"column":30}},"21":{"start":{"line":36,"column":12},"end":{"line":36,"column":38}},"22":{"start":{"line":37,"column":12},"end":{"line":37,"column":34}},"23":{"start":{"line":38,"column":12},"end":{"line":38,"column":65}},"24":{"start":{"line":39,"column":12},"end":{"line":39,"column":34}},"25":{"start":{"line":40,"column":12},"end":{"line":40,"column":29}},"26":{"start":{"line":45,"column":0},"end":{"line":63,"column":1}},"27":{"start":{"line":46,"column":4},"end":{"line":62,"column":7}},"28":{"start":{"line":47,"column":8},"end":{"line":61,"column":10}},"29":{"start":{"line":50,"column":12},"end":{"line":50,"column":34}},"30":{"start":{"line":51,"column":12},"end":{"line":51,"column":55}},"31":{"start":{"line":52,"column":12},"end":{"line":52,"column":35}},"32":{"start":{"line":53,"column":12},"end":{"line":53,"column":30}},"33":{"start":{"line":56,"column":12},"end":{"line":56,"column":38}},"34":{"start":{"line":57,"column":12},"end":{"line":57,"column":34}},"35":{"start":{"line":58,"column":12},"end":{"line":58,"column":65}},"36":{"start":{"line":59,"column":12},"end":{"line":59,"column":34}},"37":{"start":{"line":60,"column":12},"end":{"line":60,"column":29}},"38":{"start":{"line":65,"column":0},"end":{"line":83,"column":1}},"39":{"start":{"line":66,"column":4},"end":{"line":82,"column":7}},"40":{"start":{"line":67,"column":8},"end":{"line":81,"column":10}},"41":{"start":{"line":70,"column":12},"end":{"line":70,"column":34}},"42":{"start":{"line":71,"column":12},"end":{"line":71,"column":55}},"43":{"start":{"line":72,"column":12},"end":{"line":72,"column":35}},"44":{"start":{"line":73,"column":12},"end":{"line":73,"column":30}},"45":{"start":{"line":76,"column":12},"end":{"line":76,"column":38}},"46":{"start":{"line":77,"column":12},"end":{"line":77,"column":34}},"47":{"start":{"line":78,"column":12},"end":{"line":78,"column":65}},"48":{"start":{"line":79,"column":12},"end":{"line":79,"column":34}},"49":{"start":{"line":80,"column":12},"end":{"line":80,"column":29}},"50":{"start":{"line":85,"column":0},"end":{"line":103,"column":1}},"51":{"start":{"line":86,"column":4},"end":{"line":102,"column":7}},"52":{"start":{"line":87,"column":8},"end":{"line":101,"column":10}},"53":{"start":{"line":90,"column":12},"end":{"line":90,"column":34}},"54":{"start":{"line":91,"column":12},"end":{"line":91,"column":66}},"55":{"start":{"line":92,"column":12},"end":{"line":92,"column":35}},"56":{"start":{"line":93,"column":12},"end":{"line":93,"column":30}},"57":{"start":{"line":96,"column":12},"end":{"line":96,"column":38}},"58":{"start":{"line":97,"column":12},"end":{"line":97,"column":34}},"59":{"start":{"line":98,"column":12},"end":{"line":98,"column":65}},"60":{"start":{"line":99,"column":12},"end":{"line":99,"column":34}},"61":{"start":{"line":100,"column":12},"end":{"line":100,"column":29}},"62":{"start":{"line":106,"column":0},"end":{"line":124,"column":1}},"63":{"start":{"line":107,"column":4},"end":{"line":123,"column":7}},"64":{"start":{"line":108,"column":8},"end":{"line":122,"column":10}},"65":{"start":{"line":111,"column":12},"end":{"line":111,"column":34}},"66":{"start":{"line":112,"column":12},"end":{"line":112,"column":68}},"67":{"start":{"line":113,"column":12},"end":{"line":113,"column":35}},"68":{"start":{"line":114,"column":12},"end":{"line":114,"column":30}},"69":{"start":{"line":117,"column":12},"end":{"line":117,"column":38}},"70":{"start":{"line":118,"column":12},"end":{"line":118,"column":34}},"71":{"start":{"line":119,"column":12},"end":{"line":119,"column":65}},"72":{"start":{"line":120,"column":12},"end":{"line":120,"column":34}},"73":{"start":{"line":121,"column":12},"end":{"line":121,"column":29}}},"fnMap":{"0":{"name":"(anonymous_0)","decl":{"start":{"line":4,"column":28},"end":{"line":4,"column":29}},"loc":{"start":{"line":4,"column":43},"end":{"line":22,"column":1}},"line":4},"1":{"name":"(anonymous_1)","decl":{"start":{"line":5,"column":23},"end":{"line":5,"column":24}},"loc":{"start":{"line":5,"column":44},"end":{"line":21,"column":5}},"line":5},"2":{"name":"(anonymous_2)","decl":{"start":{"line":8,"column":14},"end":{"line":8,"column":15}},"loc":{"start":{"line":8,"column":22},"end":{"line":13,"column":9}},"line":8},"3":{"name":"(anonymous_3)","decl":{"start":{"line":14,"column":15},"end":{"line":14,"column":16}},"loc":{"start":{"line":14,"column":23},"end":{"line":20,"column":9}},"line":14},"4":{"name":"(anonymous_4)","decl":{"start":{"line":24,"column":29},"end":{"line":24,"column":30}},"loc":{"start":{"line":24,"column":44},"end":{"line":43,"column":1}},"line":24},"5":{"name":"(anonymous_5)","decl":{"start":{"line":25,"column":23},"end":{"line":25,"column":24}},"loc":{"start":{"line":25,"column":44},"end":{"line":42,"column":5}},"line":25},"6":{"name":"(anonymous_6)","decl":{"start":{"line":29,"column":14},"end":{"line":29,"column":15}},"loc":{"start":{"line":29,"column":22},"end":{"line":34,"column":9}},"line":29},"7":{"name":"(anonymous_7)","decl":{"start":{"line":35,"column":15},"end":{"line":35,"column":16}},"loc":{"start":{"line":35,"column":23},"end":{"line":41,"column":9}},"line":35},"8":{"name":"(anonymous_8)","decl":{"start":{"line":45,"column":29},"end":{"line":45,"column":30}},"loc":{"start":{"line":45,"column":42},"end":{"line":63,"column":1}},"line":45},"9":{"name":"(anonymous_9)","decl":{"start":{"line":46,"column":23},"end":{"line":46,"column":24}},"loc":{"start":{"line":46,"column":44},"end":{"line":62,"column":5}},"line":46},"10":{"name":"(anonymous_10)","decl":{"start":{"line":49,"column":14},"end":{"line":49,"column":15}},"loc":{"start":{"line":49,"column":22},"end":{"line":54,"column":9}},"line":49},"11":{"name":"(anonymous_11)","decl":{"start":{"line":55,"column":15},"end":{"line":55,"column":16}},"loc":{"start":{"line":55,"column":23},"end":{"line":61,"column":9}},"line":55},"12":{"name":"(anonymous_12)","decl":{"start":{"line":65,"column":33},"end":{"line":65,"column":34}},"loc":{"start":{"line":65,"column":51},"end":{"line":83,"column":1}},"line":65},"13":{"name":"(anonymous_13)","decl":{"start":{"line":66,"column":23},"end":{"line":66,"column":24}},"loc":{"start":{"line":66,"column":44},"end":{"line":82,"column":5}},"line":66},"14":{"name":"(anonymous_14)","decl":{"start":{"line":69,"column":14},"end":{"line":69,"column":15}},"loc":{"start":{"line":69,"column":22},"end":{"line":74,"column":9}},"line":69},"15":{"name":"(anonymous_15)","decl":{"start":{"line":75,"column":15},"end":{"line":75,"column":16}},"loc":{"start":{"line":75,"column":23},"end":{"line":81,"column":9}},"line":75},"16":{"name":"(anonymous_16)","decl":{"start":{"line":85,"column":28},"end":{"line":85,"column":29}},"loc":{"start":{"line":85,"column":41},"end":{"line":103,"column":1}},"line":85},"17":{"name":"(anonymous_17)","decl":{"start":{"line":86,"column":23},"end":{"line":86,"column":24}},"loc":{"start":{"line":86,"column":44},"end":{"line":102,"column":5}},"line":86},"18":{"name":"(anonymous_18)","decl":{"start":{"line":89,"column":14},"end":{"line":89,"column":15}},"loc":{"start":{"line":89,"column":22},"end":{"line":94,"column":9}},"line":89},"19":{"name":"(anonymous_19)","decl":{"start":{"line":95,"column":15},"end":{"line":95,"column":16}},"loc":{"start":{"line":95,"column":23},"end":{"line":101,"column":9}},"line":95},"20":{"name":"(anonymous_20)","decl":{"start":{"line":106,"column":28},"end":{"line":106,"column":29}},"loc":{"start":{"line":106,"column":47},"end":{"line":124,"column":1}},"line":106},"21":{"name":"(anonymous_21)","decl":{"start":{"line":107,"column":23},"end":{"line":107,"column":24}},"loc":{"start":{"line":107,"column":44},"end":{"line":123,"column":5}},"line":107},"22":{"name":"(anonymous_22)","decl":{"start":{"line":110,"column":14},"end":{"line":110,"column":15}},"loc":{"start":{"line":110,"column":22},"end":{"line":115,"column":9}},"line":110},"23":{"name":"(anonymous_23)","decl":{"start":{"line":116,"column":15},"end":{"line":116,"column":16}},"loc":{"start":{"line":116,"column":23},"end":{"line":122,"column":9}},"line":116}},"branchMap":{},"s":{"0":3,"1":3,"2":3,"3":2,"4":2,"5":1,"6":1,"7":1,"8":1,"9":1,"10":1,"11":1,"12":1,"13":1,"14":3,"15":2,"16":2,"17":1,"18":1,"19":1,"20":1,"21":1,"22":1,"23":1,"24":1,"25":1,"26":3,"27":2,"28":2,"29":1,"30":1,"31":1,"32":1,"33":1,"34":1,"35":1,"36":1,"37":1,"38":3,"39":0,"40":0,"41":0,"42":0,"43":0,"44":0,"45":0,"46":0,"47":0,"48":0,"49":0,"50":3,"51":0,"52":0,"53":0,"54":0,"55":0,"56":0,"57":0,"58":0,"59":0,"60":0,"61":0,"62":3,"63":0,"64":0,"65":0,"66":0,"67":0,"68":0,"69":0,"70":0,"71":0,"72":0,"73":0},"f":{"0":2,"1":2,"2":1,"3":1,"4":2,"5":2,"6":1,"7":1,"8":2,"9":2,"10":1,"11":1,"12":0,"13":0,"14":0,"15":0,"16":0,"17":0,"18":0,"19":0,"20":0,"21":0,"22":0,"23":0},"b":{},"_coverageSchema":"1a1c01bbd47fc00a2c39e90264f33305004495a9","hash":"7fd9d97f2a34dd212e47a8a12ab470306514e12d"}
,"/Users/amilkarhernandez/UNAC/2023-2/server_backend/src/test/mocks/mocks.js": {"path":"/Users/amilkarhernandez/UNAC/2023-2/server_backend/src/test/mocks/mocks.js","statementMap":{"0":{"start":{"line":1,"column":0},"end":{"line":16,"column":3}},"1":{"start":{"line":3,"column":18},"end":{"line":3,"column":20}},"2":{"start":{"line":4,"column":6},"end":{"line":4,"column":47}},"3":{"start":{"line":5,"column":6},"end":{"line":5,"column":49}},"4":{"start":{"line":6,"column":6},"end":{"line":6,"column":16}},"5":{"start":{"line":10,"column":18},"end":{"line":10,"column":20}},"6":{"start":{"line":11,"column":6},"end":{"line":11,"column":47}},"7":{"start":{"line":12,"column":6},"end":{"line":12,"column":49}},"8":{"start":{"line":13,"column":6},"end":{"line":13,"column":47}},"9":{"start":{"line":14,"column":6},"end":{"line":14,"column":16}}},"fnMap":{"0":{"name":"(anonymous_0)","decl":{"start":{"line":2,"column":17},"end":{"line":2,"column":18}},"loc":{"start":{"line":2,"column":23},"end":{"line":7,"column":5}},"line":2},"1":{"name":"(anonymous_1)","decl":{"start":{"line":9,"column":18},"end":{"line":9,"column":19}},"loc":{"start":{"line":9,"column":24},"end":{"line":15,"column":5}},"line":9}},"branchMap":{},"s":{"0":1,"1":2,"2":2,"3":2,"4":2,"5":2,"6":2,"7":2,"8":2,"9":2},"f":{"0":2,"1":2},"b":{},"_coverageSchema":"1a1c01bbd47fc00a2c39e90264f33305004495a9","hash":"fe0cc9641f8a0f55a4a5e5127d3f30aafd83e054"}
,"/Users/amilkarhernandez/UNAC/2023-2/server_backend/src/utils/Response.js": {"path":"/Users/amilkarhernandez/UNAC/2023-2/server_backend/src/utils/Response.js","statementMap":{"0":{"start":{"line":1,"column":0},"end":{"line":5,"column":2}}},"fnMap":{},"branchMap":{},"s":{"0":5},"f":{},"b":{},"_coverageSchema":"1a1c01bbd47fc00a2c39e90264f33305004495a9","hash":"24d79a3b14d7c76c4c43eabe472432cec685c628"}
}
