TN:
SF:src/controllers/UsuariosController.js
FN:5,create
FN:16,(anonymous_1)
FN:32,findAll
FN:41,findById
FN:47,findOneUsuario
FN:53,deleteUserData
FN:59,updateUserData
FN:71,login
FN:77,(anonymous_8)
FNF:9
FNH:2
FNDA:1,create
FNDA:0,(anonymous_1)
FNDA:1,findAll
FNDA:0,findById
FNDA:0,findOneUsuario
FNDA:0,deleteUserData
FNDA:0,updateUserData
FNDA:0,login
FNDA:0,(anonymous_8)
DA:1,1
DA:2,1
DA:3,1
DA:6,1
DA:8,1
DA:10,1
DA:11,1
DA:12,1
DA:16,0
DA:17,0
DA:18,0
DA:19,0
DA:20,0
DA:21,0
DA:22,0
DA:23,0
DA:24,0
DA:26,0
DA:27,0
DA:33,1
DA:35,1
DA:37,1
DA:38,1
DA:42,0
DA:43,0
DA:44,0
DA:48,0
DA:49,0
DA:50,0
DA:54,0
DA:55,0
DA:56,0
DA:60,0
DA:61,0
DA:63,0
DA:64,0
DA:65,0
DA:67,0
DA:68,0
DA:72,0
DA:74,0
DA:75,0
DA:77,0
DA:78,0
DA:79,0
DA:81,0
DA:85,0
DA:89,1
LF:48
LH:13
BRDA:10,0,0,1
BRDA:10,0,1,0
BRDA:10,1,0,1
BRDA:10,1,1,1
BRDA:17,2,0,0
BRDA:17,2,1,0
BRDA:75,3,0,0
BRDA:75,3,1,0
BRDA:78,4,0,0
BRDA:78,4,1,0
BRF:10
BRH:3
end_of_record
TN:
SF:src/models/UsuariosModels.js
FNF:0
FNH:0
DA:1,4
DA:2,4
DA:4,4
DA:14,4
LF:4
LH:4
BRF:0
BRH:0
end_of_record
TN:
SF:src/repository/Suma.js
FN:1,sum
FNF:1
FNH:1
FNDA:2,sum
DA:2,2
DA:4,1
LF:2
LH:2
BRF:0
BRH:0
end_of_record
TN:
SF:src/repository/UserRepository.js
FN:4,(anonymous_0)
FN:5,(anonymous_1)
FN:8,(anonymous_2)
FN:14,(anonymous_3)
FN:24,(anonymous_4)
FN:25,(anonymous_5)
FN:29,(anonymous_6)
FN:35,(anonymous_7)
FN:45,(anonymous_8)
FN:46,(anonymous_9)
FN:49,(anonymous_10)
FN:55,(anonymous_11)
FN:65,(anonymous_12)
FN:66,(anonymous_13)
FN:69,(anonymous_14)
FN:75,(anonymous_15)
FN:85,(anonymous_16)
FN:86,(anonymous_17)
FN:89,(anonymous_18)
FN:95,(anonymous_19)
FN:106,(anonymous_20)
FN:107,(anonymous_21)
FN:110,(anonymous_22)
FN:116,(anonymous_23)
FNF:24
FNH:20
FNDA:2,(anonymous_0)
FNDA:2,(anonymous_1)
FNDA:1,(anonymous_2)
FNDA:1,(anonymous_3)
FNDA:2,(anonymous_4)
FNDA:2,(anonymous_5)
FNDA:1,(anonymous_6)
FNDA:1,(anonymous_7)
FNDA:2,(anonymous_8)
FNDA:2,(anonymous_9)
FNDA:1,(anonymous_10)
FNDA:1,(anonymous_11)
FNDA:0,(anonymous_12)
FNDA:0,(anonymous_13)
FNDA:0,(anonymous_14)
FNDA:0,(anonymous_15)
FNDA:2,(anonymous_16)
FNDA:2,(anonymous_17)
FNDA:1,(anonymous_18)
FNDA:1,(anonymous_19)
FNDA:2,(anonymous_20)
FNDA:2,(anonymous_21)
FNDA:1,(anonymous_22)
FNDA:1,(anonymous_23)
DA:1,3
DA:2,3
DA:4,3
DA:5,2
DA:6,2
DA:9,1
DA:10,1
DA:11,1
DA:12,1
DA:15,1
DA:16,1
DA:17,1
DA:18,1
DA:19,1
DA:24,3
DA:25,2
DA:26,2
DA:30,1
DA:31,1
DA:32,1
DA:33,1
DA:36,1
DA:37,1
DA:38,1
DA:39,1
DA:40,1
DA:45,3
DA:46,2
DA:47,2
DA:50,1
DA:51,1
DA:52,1
DA:53,1
DA:56,1
DA:57,1
DA:58,1
DA:59,1
DA:60,1
DA:65,3
DA:66,0
DA:67,0
DA:70,0
DA:71,0
DA:72,0
DA:73,0
DA:76,0
DA:77,0
DA:78,0
DA:79,0
DA:80,0
DA:85,3
DA:86,2
DA:87,2
DA:90,1
DA:91,1
DA:92,1
DA:93,1
DA:96,1
DA:97,1
DA:98,1
DA:99,1
DA:100,1
DA:106,3
DA:107,2
DA:108,2
DA:111,1
DA:112,1
DA:113,1
DA:114,1
DA:117,1
DA:118,1
DA:119,1
DA:120,1
DA:121,1
LF:74
LH:63
BRF:0
BRH:0
end_of_record
TN:
SF:src/test/mocks/mocks.js
FN:2,(anonymous_0)
FN:9,(anonymous_1)
FNF:2
FNH:2
FNDA:2,(anonymous_0)
FNDA:2,(anonymous_1)
DA:1,1
DA:3,2
DA:4,2
DA:5,2
DA:6,2
DA:10,2
DA:11,2
DA:12,2
DA:13,2
DA:14,2
LF:10
LH:10
BRF:0
BRH:0
end_of_record
TN:
SF:src/utils/Response.js
FNF:0
FNH:0
DA:1,5
LF:1
LH:1
BRF:0
BRH:0
end_of_record
